ERROR 2025-07-16 13:47:40,661 views Exchange rate API error: 'rates'
ERROR 2025-07-16 13:47:54,567 views Exchange rate API error: 'rates'
ERROR 2025-07-16 13:48:00,524 views Exchange rate API error: 'rates'
ERROR 2025-07-16 13:58:53,936 views Exchange rate API error: 'rates'
ERROR 2025-07-16 13:59:25,783 views Exchange rate API error: 'rates'
ERROR 2025-07-16 15:10:34,430 views Exchange rate API error: 'rates'
ERROR 2025-07-16 15:30:08,133 views Exchange rate API error: 'rates'
ERROR 2025-07-16 15:30:08,444 views Exchange rate API error: 'rates'
ERROR 2025-07-16 22:48:59,935 views Payment processing error
Traceback (most recent call last):
  File "C:\Users\user\Desktop\djangomart\payment\views.py", line 51, in process_payment
    if not form.is_valid():
           ^^^^^^^^^^^^^^^
  File "C:\Users\user\Desktop\djangomart\.venv\Lib\site-packages\django\forms\forms.py", line 206, in is_valid
    return self.is_bound and not self.errors
                                 ^^^^^^^^^^^
  File "C:\Users\user\Desktop\djangomart\.venv\Lib\site-packages\django\forms\forms.py", line 201, in errors
    self.full_clean()
  File "C:\Users\user\Desktop\djangomart\.venv\Lib\site-packages\django\forms\forms.py", line 338, in full_clean
    self._clean_form()
  File "C:\Users\user\Desktop\djangomart\.venv\Lib\site-packages\django\forms\forms.py", line 354, in _clean_form
    cleaned_data = self.clean()
                   ^^^^^^^^^^^^
  File "C:\Users\user\Desktop\djangomart\payment\forms.py", line 46, in clean
    enabled_methods = [m.lower() for m in settings.ENABLED_PAYMENT_METHODS]
                                          ^^^^^^^^^^^^^^^^^^^^^^^^^^^^^^^^
  File "C:\Users\user\Desktop\djangomart\.venv\Lib\site-packages\django\conf\__init__.py", line 83, in __getattr__
    val = getattr(_wrapped, name)
          ^^^^^^^^^^^^^^^^^^^^^^^
AttributeError: 'Settings' object has no attribute 'ENABLED_PAYMENT_METHODS'
ERROR 2025-07-17 08:56:39,415 views Payment processing error
Traceback (most recent call last):
  File "C:\Users\user\Desktop\djangomart\payment\views.py", line 55, in process_payment
    if not form.is_valid():
           ^^^^^^^^^^^^^^^
  File "C:\Users\user\Desktop\djangomart\.venv\Lib\site-packages\django\forms\forms.py", line 206, in is_valid
    return self.is_bound and not self.errors
                                 ^^^^^^^^^^^
  File "C:\Users\user\Desktop\djangomart\.venv\Lib\site-packages\django\forms\forms.py", line 201, in errors
    self.full_clean()
  File "C:\Users\user\Desktop\djangomart\.venv\Lib\site-packages\django\forms\forms.py", line 338, in full_clean
    self._clean_form()
  File "C:\Users\user\Desktop\djangomart\.venv\Lib\site-packages\django\forms\forms.py", line 354, in _clean_form
    cleaned_data = self.clean()
                   ^^^^^^^^^^^^
  File "C:\Users\user\Desktop\djangomart\payment\forms.py", line 46, in clean
    enabled_methods = [m.lower() for m in settings.ENABLED_PAYMENT_METHODS]
                                          ^^^^^^^^^^^^^^^^^^^^^^^^^^^^^^^^
  File "C:\Users\user\Desktop\djangomart\.venv\Lib\site-packages\django\conf\__init__.py", line 83, in __getattr__
    val = getattr(_wrapped, name)
          ^^^^^^^^^^^^^^^^^^^^^^^
AttributeError: 'Settings' object has no attribute 'ENABLED_PAYMENT_METHODS'
ERROR 2025-07-17 08:58:50,339 views Payment processing error
Traceback (most recent call last):
  File "C:\Users\user\Desktop\djangomart\payment\views.py", line 55, in process_payment
    if not form.is_valid():
           ^^^^^^^^^^^^^^^
  File "C:\Users\user\Desktop\djangomart\.venv\Lib\site-packages\django\forms\forms.py", line 206, in is_valid
    return self.is_bound and not self.errors
                                 ^^^^^^^^^^^
  File "C:\Users\user\Desktop\djangomart\.venv\Lib\site-packages\django\forms\forms.py", line 201, in errors
    self.full_clean()
  File "C:\Users\user\Desktop\djangomart\.venv\Lib\site-packages\django\forms\forms.py", line 338, in full_clean
    self._clean_form()
  File "C:\Users\user\Desktop\djangomart\.venv\Lib\site-packages\django\forms\forms.py", line 354, in _clean_form
    cleaned_data = self.clean()
                   ^^^^^^^^^^^^
  File "C:\Users\user\Desktop\djangomart\payment\forms.py", line 46, in clean
    enabled_methods = [m.lower() for m in settings.ENABLED_PAYMENT_METHODS]
                                          ^^^^^^^^^^^^^^^^^^^^^^^^^^^^^^^^
  File "C:\Users\user\Desktop\djangomart\.venv\Lib\site-packages\django\conf\__init__.py", line 83, in __getattr__
    val = getattr(_wrapped, name)
          ^^^^^^^^^^^^^^^^^^^^^^^
AttributeError: 'Settings' object has no attribute 'ENABLED_PAYMENT_METHODS'
ERROR 2025-07-17 19:28:32,070 views Payment processing error
Traceback (most recent call last):
  File "C:\Users\user\Desktop\djangomart\payment\views.py", line 53, in process_payment
    if not form.is_valid():
           ^^^^^^^^^^^^^^^
  File "C:\Users\user\Desktop\djangomart\.venv\Lib\site-packages\django\forms\forms.py", line 206, in is_valid
    return self.is_bound and not self.errors
                                 ^^^^^^^^^^^
  File "C:\Users\user\Desktop\djangomart\.venv\Lib\site-packages\django\forms\forms.py", line 201, in errors
    self.full_clean()
  File "C:\Users\user\Desktop\djangomart\.venv\Lib\site-packages\django\forms\forms.py", line 338, in full_clean
    self._clean_form()
  File "C:\Users\user\Desktop\djangomart\.venv\Lib\site-packages\django\forms\forms.py", line 354, in _clean_form
    cleaned_data = self.clean()
                   ^^^^^^^^^^^^
  File "C:\Users\user\Desktop\djangomart\payment\forms.py", line 46, in clean
    enabled_methods = [m.lower() for m in settings.ENABLED_PAYMENT_METHODS]
                                          ^^^^^^^^^^^^^^^^^^^^^^^^^^^^^^^^
  File "C:\Users\user\Desktop\djangomart\.venv\Lib\site-packages\django\conf\__init__.py", line 83, in __getattr__
    val = getattr(_wrapped, name)
          ^^^^^^^^^^^^^^^^^^^^^^^
AttributeError: 'Settings' object has no attribute 'ENABLED_PAYMENT_METHODS'
ERROR 2025-07-17 19:28:40,572 views Payment processing error
Traceback (most recent call last):
  File "C:\Users\user\Desktop\djangomart\payment\views.py", line 53, in process_payment
    if not form.is_valid():
           ^^^^^^^^^^^^^^^
  File "C:\Users\user\Desktop\djangomart\.venv\Lib\site-packages\django\forms\forms.py", line 206, in is_valid
    return self.is_bound and not self.errors
                                 ^^^^^^^^^^^
  File "C:\Users\user\Desktop\djangomart\.venv\Lib\site-packages\django\forms\forms.py", line 201, in errors
    self.full_clean()
  File "C:\Users\user\Desktop\djangomart\.venv\Lib\site-packages\django\forms\forms.py", line 338, in full_clean
    self._clean_form()
  File "C:\Users\user\Desktop\djangomart\.venv\Lib\site-packages\django\forms\forms.py", line 354, in _clean_form
    cleaned_data = self.clean()
                   ^^^^^^^^^^^^
  File "C:\Users\user\Desktop\djangomart\payment\forms.py", line 46, in clean
    enabled_methods = [m.lower() for m in settings.ENABLED_PAYMENT_METHODS]
                                          ^^^^^^^^^^^^^^^^^^^^^^^^^^^^^^^^
  File "C:\Users\user\Desktop\djangomart\.venv\Lib\site-packages\django\conf\__init__.py", line 83, in __getattr__
    val = getattr(_wrapped, name)
          ^^^^^^^^^^^^^^^^^^^^^^^
AttributeError: 'Settings' object has no attribute 'ENABLED_PAYMENT_METHODS'
ERROR 2025-07-18 14:04:21,687 views Internal payment processing error
Traceback (most recent call last):
  File "C:\Users\user\Desktop\djangomart\payment\views.py", line 61, in process_payment
    if not form.is_valid():
           ^^^^^^^^^^^^^^^
  File "C:\Users\user\Desktop\djangomart\.venv\Lib\site-packages\django\forms\forms.py", line 206, in is_valid
    return self.is_bound and not self.errors
                                 ^^^^^^^^^^^
  File "C:\Users\user\Desktop\djangomart\.venv\Lib\site-packages\django\forms\forms.py", line 201, in errors
    self.full_clean()
  File "C:\Users\user\Desktop\djangomart\.venv\Lib\site-packages\django\forms\forms.py", line 338, in full_clean
    self._clean_form()
  File "C:\Users\user\Desktop\djangomart\.venv\Lib\site-packages\django\forms\forms.py", line 354, in _clean_form
    cleaned_data = self.clean()
                   ^^^^^^^^^^^^
  File "C:\Users\user\Desktop\djangomart\payment\forms.py", line 62, in clean
    enabled_methods = [m.lower() for m in settings.ENABLED_PAYMENT_METHODS]
                                          ^^^^^^^^^^^^^^^^^^^^^^^^^^^^^^^^
  File "C:\Users\user\Desktop\djangomart\.venv\Lib\site-packages\django\conf\__init__.py", line 83, in __getattr__
    val = getattr(_wrapped, name)
          ^^^^^^^^^^^^^^^^^^^^^^^
AttributeError: 'Settings' object has no attribute 'ENABLED_PAYMENT_METHODS'
ERROR 2025-07-18 14:06:09,886 views Internal payment processing error
Traceback (most recent call last):
  File "C:\Users\user\Desktop\djangomart\payment\views.py", line 61, in process_payment
    if not form.is_valid():
           ^^^^^^^^^^^^^^^
  File "C:\Users\user\Desktop\djangomart\.venv\Lib\site-packages\django\forms\forms.py", line 206, in is_valid
    return self.is_bound and not self.errors
                                 ^^^^^^^^^^^
  File "C:\Users\user\Desktop\djangomart\.venv\Lib\site-packages\django\forms\forms.py", line 201, in errors
    self.full_clean()
  File "C:\Users\user\Desktop\djangomart\.venv\Lib\site-packages\django\forms\forms.py", line 338, in full_clean
    self._clean_form()
  File "C:\Users\user\Desktop\djangomart\.venv\Lib\site-packages\django\forms\forms.py", line 354, in _clean_form
    cleaned_data = self.clean()
                   ^^^^^^^^^^^^
  File "C:\Users\user\Desktop\djangomart\payment\forms.py", line 62, in clean
    enabled_methods = [m.lower() for m in settings.ENABLED_PAYMENT_METHODS]
                                          ^^^^^^^^^^^^^^^^^^^^^^^^^^^^^^^^
  File "C:\Users\user\Desktop\djangomart\.venv\Lib\site-packages\django\conf\__init__.py", line 83, in __getattr__
    val = getattr(_wrapped, name)
          ^^^^^^^^^^^^^^^^^^^^^^^
AttributeError: 'Settings' object has no attribute 'ENABLED_PAYMENT_METHODS'
ERROR 2025-07-29 20:49:12,175 views Internal payment processing error
Traceback (most recent call last):
  File "/home/eliphaz/asai-new/payment/views.py", line 61, in process_payment
    if not form.is_valid():
  File "/home/eliphaz/.local/lib/python3.10/site-packages/django/forms/forms.py", line 206, in is_valid
    return self.is_bound and not self.errors
  File "/home/eliphaz/.local/lib/python3.10/site-packages/django/forms/forms.py", line 201, in errors
    self.full_clean()
  File "/home/eliphaz/.local/lib/python3.10/site-packages/django/forms/forms.py", line 338, in full_clean
    self._clean_form()
  File "/home/eliphaz/.local/lib/python3.10/site-packages/django/forms/forms.py", line 354, in _clean_form
    cleaned_data = self.clean()
  File "/home/eliphaz/asai-new/payment/forms.py", line 62, in clean
    enabled_methods = [m.lower() for m in settings.ENABLED_PAYMENT_METHODS]
  File "/home/eliphaz/.local/lib/python3.10/site-packages/django/conf/__init__.py", line 83, in __getattr__
    val = getattr(_wrapped, name)
AttributeError: 'Settings' object has no attribute 'ENABLED_PAYMENT_METHODS'
ERROR 2025-07-29 20:49:57,794 views Internal payment processing error
Traceback (most recent call last):
  File "/home/eliphaz/asai-new/payment/views.py", line 61, in process_payment
    if not form.is_valid():
  File "/home/eliphaz/.local/lib/python3.10/site-packages/django/forms/forms.py", line 206, in is_valid
    return self.is_bound and not self.errors
  File "/home/eliphaz/.local/lib/python3.10/site-packages/django/forms/forms.py", line 201, in errors
    self.full_clean()
  File "/home/eliphaz/.local/lib/python3.10/site-packages/django/forms/forms.py", line 338, in full_clean
    self._clean_form()
  File "/home/eliphaz/.local/lib/python3.10/site-packages/django/forms/forms.py", line 354, in _clean_form
    cleaned_data = self.clean()
  File "/home/eliphaz/asai-new/payment/forms.py", line 62, in clean
    enabled_methods = [m.lower() for m in settings.ENABLED_PAYMENT_METHODS]
  File "/home/eliphaz/.local/lib/python3.10/site-packages/django/conf/__init__.py", line 83, in __getattr__
    val = getattr(_wrapped, name)
AttributeError: 'Settings' object has no attribute 'ENABLED_PAYMENT_METHODS'
ERROR 2025-07-29 20:52:41,849 views Internal payment processing error
Traceback (most recent call last):
  File "/home/eliphaz/asai-new/payment/views.py", line 61, in process_payment
    if not form.is_valid():
  File "/home/eliphaz/.local/lib/python3.10/site-packages/django/forms/forms.py", line 206, in is_valid
    return self.is_bound and not self.errors
  File "/home/eliphaz/.local/lib/python3.10/site-packages/django/forms/forms.py", line 201, in errors
    self.full_clean()
  File "/home/eliphaz/.local/lib/python3.10/site-packages/django/forms/forms.py", line 338, in full_clean
    self._clean_form()
  File "/home/eliphaz/.local/lib/python3.10/site-packages/django/forms/forms.py", line 354, in _clean_form
    cleaned_data = self.clean()
  File "/home/eliphaz/asai-new/payment/forms.py", line 62, in clean
    enabled_methods = [m.lower() for m in settings.ENABLED_PAYMENT_METHODS]
  File "/home/eliphaz/.local/lib/python3.10/site-packages/django/conf/__init__.py", line 83, in __getattr__
    val = getattr(_wrapped, name)
AttributeError: 'Settings' object has no attribute 'ENABLED_PAYMENT_METHODS'
ERROR 2025-07-29 22:29:03,899 views Internal payment processing error
Traceback (most recent call last):
  File "/home/eliphaz/asai-new/payment/views.py", line 61, in process_payment
    if not form.is_valid():
  File "/home/eliphaz/.local/lib/python3.10/site-packages/django/forms/forms.py", line 206, in is_valid
    return self.is_bound and not self.errors
  File "/home/eliphaz/.local/lib/python3.10/site-packages/django/forms/forms.py", line 201, in errors
    self.full_clean()
  File "/home/eliphaz/.local/lib/python3.10/site-packages/django/forms/forms.py", line 338, in full_clean
    self._clean_form()
  File "/home/eliphaz/.local/lib/python3.10/site-packages/django/forms/forms.py", line 354, in _clean_form
    cleaned_data = self.clean()
  File "/home/eliphaz/asai-new/payment/forms.py", line 62, in clean
    enabled_methods = [m.lower() for m in settings.ENABLED_PAYMENT_METHODS]
  File "/home/eliphaz/.local/lib/python3.10/site-packages/django/conf/__init__.py", line 83, in __getattr__
    val = getattr(_wrapped, name)
AttributeError: 'Settings' object has no attribute 'ENABLED_PAYMENT_METHODS'
